build/outputs/logs/manifest-merger-debug-report.txt
-- Merging decision tree log ---
manifest
ADDED from src\main\AndroidManifest.xml:2:1-126:12
	xmlns:android
		ADDED from src\main\AndroidManifest.xml:2:11-69
	package
		ADDED from src\main\AndroidManifest.xml:3:5-32
		INJECTED from src\main\AndroidManifest.xml
		INJECTED from src\main\AndroidManifest.xml
	android:versionName
		ADDED from src\main\AndroidManifest.xml:5:5-30
		INJECTED from src\main\AndroidManifest.xml
		INJECTED from src\main\AndroidManifest.xml
	android:versionCode
		ADDED from src\main\AndroidManifest.xml:4:5-28
		INJECTED from src\main\AndroidManifest.xml
		INJECTED from src\main\AndroidManifest.xml
uses-permission#android.permission.READ_EXTERNAL_STORAGE
ADDED from src\main\AndroidManifest.xml:7:5-80
	android:name
		ADDED from src\main\AndroidManifest.xml:7:22-77
uses-permission#android.permission.WRITE_EXTERNAL_STORAGE
ADDED from src\main\AndroidManifest.xml:8:5-80
	android:name
		ADDED from src\main\AndroidManifest.xml:8:22-78
uses-permission#android.permission.BLUETOOTH
ADDED from src\main\AndroidManifest.xml:9:5-68
MERGED from [gmri-master-App-Demo:CSRmeshLibrary:unspecified] AndroidManifest.xml:11:5-68
	android:name
		ADDED from src\main\AndroidManifest.xml:9:22-65
uses-permission#android.permission.BLUETOOTH_ADMIN
ADDED from src\main\AndroidManifest.xml:10:5-74
MERGED from [gmri-master-App-Demo:CSRmeshLibrary:unspecified] AndroidManifest.xml:12:5-74
	android:name
		ADDED from src\main\AndroidManifest.xml:10:22-71
uses-permission#android.permission.INTERNET
ADDED from src\main\AndroidManifest.xml:11:5-67
	android:name
		ADDED from src\main\AndroidManifest.xml:11:22-64
uses-permission#android.permission.RECEIVE_BOOT_COMPLETED
ADDED from src\main\AndroidManifest.xml:12:5-80
	android:name
		ADDED from src\main\AndroidManifest.xml:12:22-78
uses-permission#android.permission.WAKE_LOCK
ADDED from src\main\AndroidManifest.xml:13:5-67
	android:name
		ADDED from src\main\AndroidManifest.xml:13:22-65
uses-permission#android.permission.VIBRATE
ADDED from src\main\AndroidManifest.xml:14:5-65
	android:name
		ADDED from src\main\AndroidManifest.xml:14:22-63
uses-permission#android.permission.READ_PHONE_STATE
ADDED from src\main\AndroidManifest.xml:15:5-74
	android:name
		ADDED from src\main\AndroidManifest.xml:15:22-72
uses-permission#android.permission.ACCESS_WIFI_STATE
ADDED from src\main\AndroidManifest.xml:16:5-75
	android:name
		ADDED from src\main\AndroidManifest.xml:16:22-73
uses-permission#android.permission.ACCESS_NETWORK_STATE
ADDED from src\main\AndroidManifest.xml:18:5-79
	android:name
		ADDED from src\main\AndroidManifest.xml:18:22-76
uses-permission#android.permission.ACCESS_COARSE_LOCATION
ADDED from src\main\AndroidManifest.xml:21:5-81
	android:name
		ADDED from src\main\AndroidManifest.xml:21:22-78
uses-permission#android.permission.ACCESS_FINE_LOCATION
ADDED from src\main\AndroidManifest.xml:22:5-79
	android:name
		ADDED from src\main\AndroidManifest.xml:22:22-76
uses-permission#android.permission.CHANGE_WIFI_STATE
ADDED from src\main\AndroidManifest.xml:25:5-76
	android:name
		ADDED from src\main\AndroidManifest.xml:25:22-73
uses-permission#android.permission.CHANGE_WIFI_MULTICAST_STATE
ADDED from src\main\AndroidManifest.xml:26:5-86
	android:name
		ADDED from src\main\AndroidManifest.xml:26:22-83
uses-sdk
ADDED from src\main\AndroidManifest.xml:29:5-31:41
MERGED from [gmri-master-App-Demo:CSRmeshLibrary:unspecified] AndroidManifest.xml:7:5-9:41
MERGED from [gmri-master-App-Demo:slidingmenuLibrary:unspecified] AndroidManifest.xml:5:5-7:41
MERGED from [com.android.support:support-v4:22.2.0] AndroidManifest.xml:20:5-43
MERGED from [com.google.android.gms:play-services-appindexing:8.1.0] AndroidManifest.xml:18:5-42
MERGED from [com.google.android.gms:play-services-basement:8.1.0] AndroidManifest.xml:18:5-42
MERGED from [com.android.support:support-v4:22.2.0] AndroidManifest.xml:20:5-43
	android:targetSdkVersion
		ADDED from src\main\AndroidManifest.xml:31:9-38
	android:minSdkVersion
		ADDED from src\main\AndroidManifest.xml:30:9-35
		INJECTED from src\main\AndroidManifest.xml
		INJECTED from src\main\AndroidManifest.xml
application
ADDED from src\main\AndroidManifest.xml:33:5-123:19
MERGED from [com.android.support:support-v4:22.2.0] AndroidManifest.xml:22:5-20
MERGED from [com.google.android.gms:play-services-appindexing:8.1.0] AndroidManifest.xml:19:5-20
MERGED from [com.google.android.gms:play-services-basement:8.1.0] AndroidManifest.xml:20:5-24:19
MERGED from [com.android.support:support-v4:22.2.0] AndroidManifest.xml:22:5-20
	android:screenOrientation
		ADDED from src\main\AndroidManifest.xml:39:9-46
	android:label
		ADDED from src\main\AndroidManifest.xml:37:9-41
	android:allowBackup
		ADDED from src\main\AndroidManifest.xml:35:9-35
	android:icon
		ADDED from src\main\AndroidManifest.xml:36:9-45
	android:theme
		ADDED from src\main\AndroidManifest.xml:38:9-40
activity#com.csr.masterapp.WelcomeUI
ADDED from src\main\AndroidManifest.xml:41:9-51:20
	android:screenOrientation
		ADDED from src\main\AndroidManifest.xml:43:13-50
	android:configChanges
		ADDED from src\main\AndroidManifest.xml:44:13-63
	android:name
		ADDED from src\main\AndroidManifest.xml:42:13-38
intent-filter#android.intent.action.MAIN+android.intent.category.LAUNCHER
ADDED from src\main\AndroidManifest.xml:46:13-49:29
action#android.intent.action.MAIN
ADDED from src\main\AndroidManifest.xml:47:17-69
	android:name
		ADDED from src\main\AndroidManifest.xml:47:25-66
category#android.intent.category.LAUNCHER
ADDED from src\main\AndroidManifest.xml:48:17-77
	android:name
		ADDED from src\main\AndroidManifest.xml:48:27-74
activity#com.csr.masterapp.MainActivity
ADDED from src\main\AndroidManifest.xml:53:9-56:15
	android:screenOrientation
		ADDED from src\main\AndroidManifest.xml:54:13-50
	android:configChanges
		ADDED from src\main\AndroidManifest.xml:55:13-63
	android:name
		ADDED from src\main\AndroidManifest.xml:53:19-47
activity#com.csr.masterapp.LoginAndRegisterUI
ADDED from src\main\AndroidManifest.xml:58:9-60:20
	android:windowSoftInputMode
		ADDED from src\main\AndroidManifest.xml:59:13-60
	android:name
		ADDED from src\main\AndroidManifest.xml:58:19-53
activity#com.csr.masterapp.GuideUI
ADDED from src\main\AndroidManifest.xml:61:9-63:65
	android:screenOrientation
		ADDED from src\main\AndroidManifest.xml:62:13-50
	android:configChanges
		ADDED from src\main\AndroidManifest.xml:63:13-63
	android:name
		ADDED from src\main\AndroidManifest.xml:61:19-42
activity#com.csr.masterapp.scene.SceneItemUI
ADDED from src\main\AndroidManifest.xml:64:9-67:65
	android:screenOrientation
		ADDED from src\main\AndroidManifest.xml:66:13-50
	android:configChanges
		ADDED from src\main\AndroidManifest.xml:67:13-63
	android:name
		ADDED from src\main\AndroidManifest.xml:64:19-52
	android:launchMode
		ADDED from src\main\AndroidManifest.xml:65:13-44
activity#com.csr.masterapp.scene.CreateSceneUI
ADDED from src\main\AndroidManifest.xml:68:9-71:65
	android:screenOrientation
		ADDED from src\main\AndroidManifest.xml:70:13-50
	android:configChanges
		ADDED from src\main\AndroidManifest.xml:71:13-63
	android:name
		ADDED from src\main\AndroidManifest.xml:68:19-54
	android:launchMode
		ADDED from src\main\AndroidManifest.xml:69:13-44
activity#com.csr.masterapp.scene.TimerSetActivity
ADDED from src\main\AndroidManifest.xml:72:9-75:15
	android:screenOrientation
		ADDED from src\main\AndroidManifest.xml:73:13-50
	android:configChanges
		ADDED from src\main\AndroidManifest.xml:74:13-63
	android:name
		ADDED from src\main\AndroidManifest.xml:72:19-57
activity#com.csr.masterapp.scene.DelaySetActivity
ADDED from src\main\AndroidManifest.xml:76:9-79:15
	android:screenOrientation
		ADDED from src\main\AndroidManifest.xml:77:13-50
	android:configChanges
		ADDED from src\main\AndroidManifest.xml:78:13-63
	android:name
		ADDED from src\main\AndroidManifest.xml:76:19-57
activity#com.csr.masterapp.device.GizConnDevice
ADDED from src\main\AndroidManifest.xml:81:9-84:15
	android:screenOrientation
		ADDED from src\main\AndroidManifest.xml:82:13-50
	android:configChanges
		ADDED from src\main\AndroidManifest.xml:83:13-63
	android:name
		ADDED from src\main\AndroidManifest.xml:81:19-55
service#com.csr.mesh.MeshService
ADDED from src\main\AndroidManifest.xml:86:9-90:19
	android:exported
		ADDED from src\main\AndroidManifest.xml:89:13-37
	android:enabled
		ADDED from src\main\AndroidManifest.xml:88:13-35
	android:name
		ADDED from src\main\AndroidManifest.xml:87:13-52
receiver#com.csr.masterapp.receiver.AlarmServiceBroadcastReciever
ADDED from src\main\AndroidManifest.xml:92:9-102:20
	android:exported
		ADDED from src\main\AndroidManifest.xml:95:13-36
	android:enabled
		ADDED from src\main\AndroidManifest.xml:94:13-35
	android:name
		ADDED from src\main\AndroidManifest.xml:93:13-67
intent-filter#android.intent.action.MAIN+android.intent.category.LAUNCHER+zeusro.action.alert
ADDED from src\main\AndroidManifest.xml:96:13-101:29
action#zeusro.action.alert
ADDED from src\main\AndroidManifest.xml:97:17-61
	android:name
		ADDED from src\main\AndroidManifest.xml:97:25-59
receiver#com.csr.masterapp.receiver.BootReceiver
ADDED from src\main\AndroidManifest.xml:104:9-111:20
	android:exported
		ADDED from src\main\AndroidManifest.xml:107:13-36
	android:enabled
		ADDED from src\main\AndroidManifest.xml:106:13-35
	android:name
		ADDED from src\main\AndroidManifest.xml:105:13-50
intent-filter#android.intent.action.BOOT_COMPLETED
ADDED from src\main\AndroidManifest.xml:108:13-110:29
action#android.intent.action.BOOT_COMPLETED
ADDED from src\main\AndroidManifest.xml:109:17-78
	android:name
		ADDED from src\main\AndroidManifest.xml:109:25-76
service#com.csr.masterapp.service.SchedulingService
ADDED from src\main\AndroidManifest.xml:113:9-117:19
	android:exported
		ADDED from src\main\AndroidManifest.xml:116:13-36
	android:enabled
		ADDED from src\main\AndroidManifest.xml:115:13-35
	android:name
		ADDED from src\main\AndroidManifest.xml:114:13-54
meta-data#com.google.android.gms.version
ADDED from src\main\AndroidManifest.xml:119:9-121:69
MERGED from [com.google.android.gms:play-services-basement:8.1.0] AndroidManifest.xml:21:9-23:69
	android:name
		ADDED from src\main\AndroidManifest.xml:120:13-58
	android:value
		ADDED from src\main\AndroidManifest.xml:121:13-66
uses-feature#android.hardware.bluetooth_le
ADDED from [gmri-master-App-Demo:CSRmeshLibrary:unspecified] AndroidManifest.xml:14:5-16:35
	android:required
		ADDED from [gmri-master-App-Demo:CSRmeshLibrary:unspecified] AndroidManifest.xml:16:9-32
	android:name
		ADDED from [gmri-master-App-Demo:CSRmeshLibrary:unspecified] AndroidManifest.xml:15:9-53